#! /c/Source/iverilog-install/bin/vvp
:ivl_version "12.0 (devel)" "(s20150603-1539-g2693dd32b)";
:ivl_delay_selection "TYPICAL";
:vpi_time_precision + 0;
:vpi_module "D:\Icarus_Verilog\iverilog\lib\ivl\system.vpi";
:vpi_module "D:\Icarus_Verilog\iverilog\lib\ivl\vhdl_sys.vpi";
:vpi_module "D:\Icarus_Verilog\iverilog\lib\ivl\vhdl_textio.vpi";
:vpi_module "D:\Icarus_Verilog\iverilog\lib\ivl\v2005_math.vpi";
:vpi_module "D:\Icarus_Verilog\iverilog\lib\ivl\va_math.vpi";
S_00000248ade8c350 .scope module, "dice_game" "dice_game" 2 1;
 .timescale 0 0;
    .port_info 0 /INPUT 1 "rb";
    .port_info 1 /INPUT 1 "reset";
    .port_info 2 /INPUT 1 "clk";
    .port_info 3 /INPUT 4 "sum";
    .port_info 4 /OUTPUT 1 "roll";
    .port_info 5 /OUTPUT 1 "win";
    .port_info 6 /OUTPUT 1 "lose";
P_00000248add52d20 .param/l "FIRST_ROLL" 0 2 17, C4<001>;
P_00000248add52d58 .param/l "LOSE_STATE" 0 2 19, C4<011>;
P_00000248add52d90 .param/l "ROLL_AGAIN" 0 2 20, C4<100>;
P_00000248add52dc8 .param/l "WAIT" 0 2 16, C4<000>;
P_00000248add52e00 .param/l "WIN_STATE" 0 2 18, C4<010>;
o00000248add90fd8 .functor BUFZ 1, C4<z>; HiZ drive
v00000248add52e40_0 .net "clk", 0 0, o00000248add90fd8;  0 drivers
v00000248add52ee0_0 .var "lose", 0 0;
v00000248add52f80_0 .var "nextstate", 2 0;
v00000248add53020_0 .var "point", 3 0;
o00000248add91098 .functor BUFZ 1, C4<z>; HiZ drive
v00000248add530c0_0 .net "rb", 0 0, o00000248add91098;  0 drivers
o00000248add910c8 .functor BUFZ 1, C4<z>; HiZ drive
v00000248addd3c40_0 .net "reset", 0 0, o00000248add910c8;  0 drivers
v00000248addd3ce0_0 .var "roll", 0 0;
v00000248addd3d80_0 .var "sp", 0 0;
v00000248addd3e20_0 .var "state", 2 0;
o00000248add91188 .functor BUFZ 4, C4<zzzz>; HiZ drive
v00000248addd4410_0 .net "sum", 3 0, o00000248add91188;  0 drivers
v00000248addd44b0_0 .var "win", 0 0;
E_00000248ade8b8a0 .event posedge, v00000248add52e40_0;
E_00000248ade8b5a0 .event anyedge, v00000248addd3e20_0, v00000248addd4410_0, v00000248addd3c40_0, v00000248add530c0_0;
E_00000248ade8b360 .event posedge, v00000248addd3c40_0, v00000248add52e40_0;
    .scope S_00000248ade8c350;
T_0 ;
    %wait E_00000248ade8b360;
    %load/vec4 v00000248addd3c40_0;
    %flag_set/vec4 8;
    %jmp/0xz  T_0.0, 8;
    %pushi/vec4 0, 0, 3;
    %assign/vec4 v00000248addd3e20_0, 0;
    %jmp T_0.1;
T_0.0 ;
    %load/vec4 v00000248add52f80_0;
    %assign/vec4 v00000248addd3e20_0, 0;
T_0.1 ;
    %jmp T_0;
    .thread T_0;
    .scope S_00000248ade8c350;
T_1 ;
    %wait E_00000248ade8b5a0;
    %pushi/vec4 0, 0, 1;
    %assign/vec4 v00000248addd3d80_0, 0;
    %pushi/vec4 0, 0, 1;
    %assign/vec4 v00000248addd3ce0_0, 0;
    %pushi/vec4 0, 0, 1;
    %assign/vec4 v00000248addd44b0_0, 0;
    %pushi/vec4 0, 0, 1;
    %assign/vec4 v00000248add52ee0_0, 0;
    %load/vec4 v00000248addd3e20_0;
    %dup/vec4;
    %pushi/vec4 0, 0, 3;
    %cmp/u;
    %jmp/1 T_1.0, 6;
    %dup/vec4;
    %pushi/vec4 1, 0, 3;
    %cmp/u;
    %jmp/1 T_1.1, 6;
    %dup/vec4;
    %pushi/vec4 2, 0, 3;
    %cmp/u;
    %jmp/1 T_1.2, 6;
    %dup/vec4;
    %pushi/vec4 3, 0, 3;
    %cmp/u;
    %jmp/1 T_1.3, 6;
    %dup/vec4;
    %pushi/vec4 4, 0, 3;
    %cmp/u;
    %jmp/1 T_1.4, 6;
    %jmp T_1.5;
T_1.0 ;
    %load/vec4 v00000248add530c0_0;
    %flag_set/vec4 8;
    %jmp/0xz  T_1.6, 8;
    %pushi/vec4 1, 0, 3;
    %assign/vec4 v00000248add52f80_0, 0;
    %jmp T_1.7;
T_1.6 ;
    %pushi/vec4 0, 0, 3;
    %assign/vec4 v00000248add52f80_0, 0;
T_1.7 ;
    %jmp T_1.5;
T_1.1 ;
    %load/vec4 v00000248add530c0_0;
    %flag_set/vec4 8;
    %jmp/0xz  T_1.8, 8;
    %pushi/vec4 1, 0, 1;
    %assign/vec4 v00000248addd3ce0_0, 0;
    %jmp T_1.9;
T_1.8 ;
    %load/vec4 v00000248addd4410_0;
    %pad/u 32;
    %cmpi/e 7, 0, 32;
    %jmp/1 T_1.12, 4;
    %flag_mov 8, 4;
    %load/vec4 v00000248addd4410_0;
    %pad/u 32;
    %cmpi/e 11, 0, 32;
    %flag_or 4, 8;
T_1.12;
    %jmp/0xz  T_1.10, 4;
    %pushi/vec4 2, 0, 3;
    %assign/vec4 v00000248add52f80_0, 0;
    %jmp T_1.11;
T_1.10 ;
    %load/vec4 v00000248addd4410_0;
    %pad/u 32;
    %cmpi/e 2, 0, 32;
    %jmp/1 T_1.16, 4;
    %flag_mov 8, 4;
    %load/vec4 v00000248addd4410_0;
    %pad/u 32;
    %cmpi/e 3, 0, 32;
    %flag_or 4, 8;
T_1.16;
    %jmp/1 T_1.15, 4;
    %flag_mov 8, 4;
    %load/vec4 v00000248addd4410_0;
    %pad/u 32;
    %cmpi/e 12, 0, 32;
    %flag_or 4, 8;
T_1.15;
    %jmp/0xz  T_1.13, 4;
    %pushi/vec4 3, 0, 3;
    %assign/vec4 v00000248add52f80_0, 0;
    %jmp T_1.14;
T_1.13 ;
    %pushi/vec4 1, 0, 1;
    %assign/vec4 v00000248addd3d80_0, 0;
    %pushi/vec4 4, 0, 3;
    %assign/vec4 v00000248add52f80_0, 0;
T_1.14 ;
T_1.11 ;
T_1.9 ;
    %jmp T_1.5;
T_1.2 ;
    %pushi/vec4 1, 0, 1;
    %assign/vec4 v00000248addd44b0_0, 0;
    %load/vec4 v00000248addd3c40_0;
    %flag_set/vec4 8;
    %jmp/0xz  T_1.17, 8;
    %pushi/vec4 0, 0, 3;
    %assign/vec4 v00000248add52f80_0, 0;
T_1.17 ;
    %jmp T_1.5;
T_1.3 ;
    %pushi/vec4 1, 0, 1;
    %assign/vec4 v00000248add52ee0_0, 0;
    %load/vec4 v00000248addd3c40_0;
    %flag_set/vec4 8;
    %jmp/0xz  T_1.19, 8;
    %pushi/vec4 0, 0, 3;
    %assign/vec4 v00000248add52f80_0, 0;
T_1.19 ;
    %jmp T_1.5;
T_1.4 ;
    %load/vec4 v00000248add530c0_0;
    %flag_set/vec4 8;
    %jmp/0xz  T_1.21, 8;
    %pushi/vec4 1, 0, 1;
    %assign/vec4 v00000248addd3ce0_0, 0;
    %load/vec4 v00000248addd4410_0;
    %load/vec4 v00000248add53020_0;
    %cmp/e;
    %jmp/0xz  T_1.23, 4;
    %pushi/vec4 2, 0, 3;
    %assign/vec4 v00000248add52f80_0, 0;
    %jmp T_1.24;
T_1.23 ;
    %load/vec4 v00000248addd4410_0;
    %pad/u 32;
    %cmpi/e 7, 0, 32;
    %jmp/0xz  T_1.25, 4;
    %pushi/vec4 3, 0, 3;
    %assign/vec4 v00000248add52f80_0, 0;
    %jmp T_1.26;
T_1.25 ;
    %pushi/vec4 4, 0, 3;
    %assign/vec4 v00000248add52f80_0, 0;
T_1.26 ;
T_1.24 ;
T_1.21 ;
    %jmp T_1.5;
T_1.5 ;
    %pop/vec4 1;
    %jmp T_1;
    .thread T_1, $push;
    .scope S_00000248ade8c350;
T_2 ;
    %wait E_00000248ade8b8a0;
    %load/vec4 v00000248addd3d80_0;
    %flag_set/vec4 8;
    %jmp/0xz  T_2.0, 8;
    %load/vec4 v00000248addd4410_0;
    %assign/vec4 v00000248add53020_0, 0;
T_2.0 ;
    %jmp T_2;
    .thread T_2;
# The file index is used to find the file name in the following table.
:file_names 3;
    "N/A";
    "<interactive>";
    "dice_game.v";
