#! /c/Source/iverilog-install/bin/vvp
:ivl_version "12.0 (devel)" "(s20150603-1539-g2693dd32b)";
:ivl_delay_selection "TYPICAL";
:vpi_time_precision - 12;
:vpi_module "D:\Icarus_Verilog\iverilog\lib\ivl\system.vpi";
:vpi_module "D:\Icarus_Verilog\iverilog\lib\ivl\vhdl_sys.vpi";
:vpi_module "D:\Icarus_Verilog\iverilog\lib\ivl\vhdl_textio.vpi";
:vpi_module "D:\Icarus_Verilog\iverilog\lib\ivl\v2005_math.vpi";
:vpi_module "D:\Icarus_Verilog\iverilog\lib\ivl\va_math.vpi";
S_000002df0d65fc80 .scope module, "dice_game_tb" "dice_game_tb" 2 3;
 .timescale -9 -12;
v000002df0d652880_0 .var "clk", 0 0;
v000002df0d653320_0 .net "lose", 0 0, v000002df0d623180_0;  1 drivers
v000002df0d652c40_0 .var "rb", 0 0;
v000002df0d652ce0_0 .var "reset", 0 0;
v000002df0d652d80_0 .net "roll", 0 0, v000002df0d648990_0;  1 drivers
v000002df0d652ec0_0 .var "sum", 3 0;
v000002df0d6533c0_0 .net "win", 0 0, v000002df0d652740_0;  1 drivers
S_000002df0d65fe10 .scope module, "uut" "dice_game" 2 13, 3 1 0, S_000002df0d65fc80;
 .timescale -9 -12;
    .port_info 0 /INPUT 1 "rb";
    .port_info 1 /INPUT 1 "reset";
    .port_info 2 /INPUT 1 "clk";
    .port_info 3 /INPUT 4 "sum";
    .port_info 4 /OUTPUT 1 "roll";
    .port_info 5 /OUTPUT 1 "win";
    .port_info 6 /OUTPUT 1 "lose";
P_000002df0d60b300 .param/l "FIRST_ROLL" 0 3 17, C4<001>;
P_000002df0d60b338 .param/l "LOSE_STATE" 0 3 19, C4<011>;
P_000002df0d60b370 .param/l "ROLL_AGAIN" 0 3 20, C4<100>;
P_000002df0d60b3a8 .param/l "WAIT" 0 3 16, C4<000>;
P_000002df0d60b3e0 .param/l "WIN_STATE" 0 3 18, C4<010>;
v000002df0d60c290_0 .net "clk", 0 0, v000002df0d652880_0;  1 drivers
v000002df0d623180_0 .var "lose", 0 0;
v000002df0d65ffa0_0 .var "nextstate", 2 0;
v000002df0d660040_0 .var "point", 3 0;
v000002df0d648850_0 .net "rb", 0 0, v000002df0d652c40_0;  1 drivers
v000002df0d6488f0_0 .net "reset", 0 0, v000002df0d652ce0_0;  1 drivers
v000002df0d648990_0 .var "roll", 0 0;
v000002df0d6525b0_0 .var "sp", 0 0;
v000002df0d652650_0 .var "state", 2 0;
v000002df0d652b00_0 .net "sum", 3 0, v000002df0d652ec0_0;  1 drivers
v000002df0d652740_0 .var "win", 0 0;
E_000002df0d644c50 .event posedge, v000002df0d60c290_0;
E_000002df0d654ae0 .event anyedge, v000002df0d652650_0, v000002df0d652b00_0, v000002df0d6488f0_0, v000002df0d648850_0;
E_000002df0d654ba0 .event posedge, v000002df0d6488f0_0, v000002df0d60c290_0;
    .scope S_000002df0d65fe10;
T_0 ;
    %wait E_000002df0d654ba0;
    %load/vec4 v000002df0d6488f0_0;
    %flag_set/vec4 8;
    %jmp/0xz  T_0.0, 8;
    %pushi/vec4 0, 0, 3;
    %assign/vec4 v000002df0d652650_0, 0;
    %jmp T_0.1;
T_0.0 ;
    %load/vec4 v000002df0d65ffa0_0;
    %assign/vec4 v000002df0d652650_0, 0;
T_0.1 ;
    %jmp T_0;
    .thread T_0;
    .scope S_000002df0d65fe10;
T_1 ;
    %wait E_000002df0d654ae0;
    %pushi/vec4 0, 0, 1;
    %assign/vec4 v000002df0d6525b0_0, 0;
    %pushi/vec4 0, 0, 1;
    %assign/vec4 v000002df0d648990_0, 0;
    %pushi/vec4 0, 0, 1;
    %assign/vec4 v000002df0d652740_0, 0;
    %pushi/vec4 0, 0, 1;
    %assign/vec4 v000002df0d623180_0, 0;
    %load/vec4 v000002df0d652650_0;
    %dup/vec4;
    %pushi/vec4 0, 0, 3;
    %cmp/u;
    %jmp/1 T_1.0, 6;
    %dup/vec4;
    %pushi/vec4 1, 0, 3;
    %cmp/u;
    %jmp/1 T_1.1, 6;
    %dup/vec4;
    %pushi/vec4 2, 0, 3;
    %cmp/u;
    %jmp/1 T_1.2, 6;
    %dup/vec4;
    %pushi/vec4 3, 0, 3;
    %cmp/u;
    %jmp/1 T_1.3, 6;
    %dup/vec4;
    %pushi/vec4 4, 0, 3;
    %cmp/u;
    %jmp/1 T_1.4, 6;
    %jmp T_1.5;
T_1.0 ;
    %load/vec4 v000002df0d648850_0;
    %flag_set/vec4 8;
    %jmp/0xz  T_1.6, 8;
    %pushi/vec4 1, 0, 3;
    %assign/vec4 v000002df0d65ffa0_0, 0;
    %jmp T_1.7;
T_1.6 ;
    %pushi/vec4 0, 0, 3;
    %assign/vec4 v000002df0d65ffa0_0, 0;
T_1.7 ;
    %jmp T_1.5;
T_1.1 ;
    %load/vec4 v000002df0d648850_0;
    %flag_set/vec4 8;
    %jmp/0xz  T_1.8, 8;
    %pushi/vec4 1, 0, 1;
    %assign/vec4 v000002df0d648990_0, 0;
    %jmp T_1.9;
T_1.8 ;
    %load/vec4 v000002df0d652b00_0;
    %pad/u 32;
    %cmpi/e 7, 0, 32;
    %jmp/1 T_1.12, 4;
    %flag_mov 8, 4;
    %load/vec4 v000002df0d652b00_0;
    %pad/u 32;
    %cmpi/e 11, 0, 32;
    %flag_or 4, 8;
T_1.12;
    %jmp/0xz  T_1.10, 4;
    %pushi/vec4 2, 0, 3;
    %assign/vec4 v000002df0d65ffa0_0, 0;
    %jmp T_1.11;
T_1.10 ;
    %load/vec4 v000002df0d652b00_0;
    %pad/u 32;
    %cmpi/e 2, 0, 32;
    %jmp/1 T_1.16, 4;
    %flag_mov 8, 4;
    %load/vec4 v000002df0d652b00_0;
    %pad/u 32;
    %cmpi/e 3, 0, 32;
    %flag_or 4, 8;
T_1.16;
    %jmp/1 T_1.15, 4;
    %flag_mov 8, 4;
    %load/vec4 v000002df0d652b00_0;
    %pad/u 32;
    %cmpi/e 12, 0, 32;
    %flag_or 4, 8;
T_1.15;
    %jmp/0xz  T_1.13, 4;
    %pushi/vec4 3, 0, 3;
    %assign/vec4 v000002df0d65ffa0_0, 0;
    %jmp T_1.14;
T_1.13 ;
    %pushi/vec4 1, 0, 1;
    %assign/vec4 v000002df0d6525b0_0, 0;
    %pushi/vec4 4, 0, 3;
    %assign/vec4 v000002df0d65ffa0_0, 0;
T_1.14 ;
T_1.11 ;
T_1.9 ;
    %jmp T_1.5;
T_1.2 ;
    %pushi/vec4 1, 0, 1;
    %assign/vec4 v000002df0d652740_0, 0;
    %load/vec4 v000002df0d6488f0_0;
    %flag_set/vec4 8;
    %jmp/0xz  T_1.17, 8;
    %pushi/vec4 0, 0, 3;
    %assign/vec4 v000002df0d65ffa0_0, 0;
T_1.17 ;
    %jmp T_1.5;
T_1.3 ;
    %pushi/vec4 1, 0, 1;
    %assign/vec4 v000002df0d623180_0, 0;
    %load/vec4 v000002df0d6488f0_0;
    %flag_set/vec4 8;
    %jmp/0xz  T_1.19, 8;
    %pushi/vec4 0, 0, 3;
    %assign/vec4 v000002df0d65ffa0_0, 0;
T_1.19 ;
    %jmp T_1.5;
T_1.4 ;
    %load/vec4 v000002df0d648850_0;
    %flag_set/vec4 8;
    %jmp/0xz  T_1.21, 8;
    %pushi/vec4 1, 0, 1;
    %assign/vec4 v000002df0d648990_0, 0;
    %load/vec4 v000002df0d652b00_0;
    %load/vec4 v000002df0d660040_0;
    %cmp/e;
    %jmp/0xz  T_1.23, 4;
    %pushi/vec4 2, 0, 3;
    %assign/vec4 v000002df0d65ffa0_0, 0;
    %jmp T_1.24;
T_1.23 ;
    %load/vec4 v000002df0d652b00_0;
    %pad/u 32;
    %cmpi/e 7, 0, 32;
    %jmp/0xz  T_1.25, 4;
    %pushi/vec4 3, 0, 3;
    %assign/vec4 v000002df0d65ffa0_0, 0;
    %jmp T_1.26;
T_1.25 ;
    %pushi/vec4 4, 0, 3;
    %assign/vec4 v000002df0d65ffa0_0, 0;
T_1.26 ;
T_1.24 ;
T_1.21 ;
    %jmp T_1.5;
T_1.5 ;
    %pop/vec4 1;
    %jmp T_1;
    .thread T_1, $push;
    .scope S_000002df0d65fe10;
T_2 ;
    %wait E_000002df0d644c50;
    %load/vec4 v000002df0d6525b0_0;
    %flag_set/vec4 8;
    %jmp/0xz  T_2.0, 8;
    %load/vec4 v000002df0d652b00_0;
    %assign/vec4 v000002df0d660040_0, 0;
T_2.0 ;
    %jmp T_2;
    .thread T_2;
    .scope S_000002df0d65fc80;
T_3 ;
    %delay 5000, 0;
    %load/vec4 v000002df0d652880_0;
    %inv;
    %store/vec4 v000002df0d652880_0, 0, 1;
    %jmp T_3;
    .thread T_3;
    .scope S_000002df0d65fc80;
T_4 ;
    %vpi_call 2 26 "$monitor", "At time %t: rb = %b, reset = %b, clk = %b, sum = %d, roll = %b, win = %b, lose = %b", $time, v000002df0d652c40_0, v000002df0d652ce0_0, v000002df0d652880_0, v000002df0d652ec0_0, v000002df0d652d80_0, v000002df0d6533c0_0, v000002df0d653320_0 {0 0 0};
    %pushi/vec4 0, 0, 1;
    %store/vec4 v000002df0d652880_0, 0, 1;
    %pushi/vec4 0, 0, 1;
    %store/vec4 v000002df0d652c40_0, 0, 1;
    %pushi/vec4 1, 0, 1;
    %store/vec4 v000002df0d652ce0_0, 0, 1;
    %pushi/vec4 0, 0, 4;
    %store/vec4 v000002df0d652ec0_0, 0, 4;
    %delay 10000, 0;
    %pushi/vec4 0, 0, 1;
    %store/vec4 v000002df0d652ce0_0, 0, 1;
    %delay 10000, 0;
    %pushi/vec4 1, 0, 1;
    %store/vec4 v000002df0d652c40_0, 0, 1;
    %delay 10000, 0;
    %pushi/vec4 0, 0, 1;
    %store/vec4 v000002df0d652c40_0, 0, 1;
    %pushi/vec4 7, 0, 4;
    %store/vec4 v000002df0d652ec0_0, 0, 4;
    %delay 10000, 0;
    %pushi/vec4 1, 0, 1;
    %store/vec4 v000002df0d652ce0_0, 0, 1;
    %delay 10000, 0;
    %pushi/vec4 0, 0, 1;
    %store/vec4 v000002df0d652ce0_0, 0, 1;
    %delay 20000, 0;
    %pushi/vec4 1, 0, 1;
    %store/vec4 v000002df0d652c40_0, 0, 1;
    %delay 10000, 0;
    %pushi/vec4 0, 0, 1;
    %store/vec4 v000002df0d652c40_0, 0, 1;
    %pushi/vec4 3, 0, 4;
    %store/vec4 v000002df0d652ec0_0, 0, 4;
    %delay 10000, 0;
    %pushi/vec4 1, 0, 1;
    %store/vec4 v000002df0d652ce0_0, 0, 1;
    %delay 10000, 0;
    %pushi/vec4 0, 0, 1;
    %store/vec4 v000002df0d652ce0_0, 0, 1;
    %delay 20000, 0;
    %pushi/vec4 1, 0, 1;
    %store/vec4 v000002df0d652c40_0, 0, 1;
    %delay 10000, 0;
    %pushi/vec4 0, 0, 1;
    %store/vec4 v000002df0d652c40_0, 0, 1;
    %pushi/vec4 4, 0, 4;
    %store/vec4 v000002df0d652ec0_0, 0, 4;
    %delay 20000, 0;
    %pushi/vec4 1, 0, 1;
    %store/vec4 v000002df0d652c40_0, 0, 1;
    %delay 10000, 0;
    %pushi/vec4 0, 0, 1;
    %store/vec4 v000002df0d652c40_0, 0, 1;
    %pushi/vec4 4, 0, 4;
    %store/vec4 v000002df0d652ec0_0, 0, 4;
    %delay 10000, 0;
    %pushi/vec4 1, 0, 1;
    %store/vec4 v000002df0d652ce0_0, 0, 1;
    %delay 10000, 0;
    %pushi/vec4 0, 0, 1;
    %store/vec4 v000002df0d652ce0_0, 0, 1;
    %delay 20000, 0;
    %pushi/vec4 1, 0, 1;
    %store/vec4 v000002df0d652c40_0, 0, 1;
    %delay 10000, 0;
    %pushi/vec4 0, 0, 1;
    %store/vec4 v000002df0d652c40_0, 0, 1;
    %pushi/vec4 12, 0, 4;
    %store/vec4 v000002df0d652ec0_0, 0, 4;
    %delay 20000, 0;
    %pushi/vec4 1, 0, 1;
    %store/vec4 v000002df0d652c40_0, 0, 1;
    %delay 10000, 0;
    %pushi/vec4 0, 0, 1;
    %store/vec4 v000002df0d652c40_0, 0, 1;
    %pushi/vec4 7, 0, 4;
    %store/vec4 v000002df0d652ec0_0, 0, 4;
    %delay 20000, 0;
    %vpi_call 2 65 "$finish" {0 0 0};
    %end;
    .thread T_4;
    .scope S_000002df0d65fc80;
T_5 ;
    %vpi_call 2 69 "$dumpfile", "dice_game.vcd" {0 0 0};
    %vpi_call 2 70 "$dumpvars", 32'sb00000000000000000000000000000000, S_000002df0d65fc80 {0 0 0};
    %end;
    .thread T_5;
# The file index is used to find the file name in the following table.
:file_names 4;
    "N/A";
    "<interactive>";
    "dice_game_tb.v";
    "./dice_game.v";
